[2024-09-12 10:20:22,516][flwr][INFO] - Starting Flower simulation, config: ServerConfig(num_rounds=10, round_timeout=None)
[2024-09-12 10:20:37,924][flwr][INFO] - Flower VCE: Ray initialized with resources: {'node:127.0.0.1': 1.0, 'CPU': 8.0, 'node:__internal_head__': 1.0, 'object_store_memory': 857557401.0, 'memory': 1715114804.0}
[2024-09-12 10:20:37,926][flwr][INFO] - Initializing global parameters
[2024-09-12 10:20:37,926][flwr][INFO] - Requesting initial parameters from one random client
[2024-09-12 10:20:46,517][flwr][ERROR] - [36mray::launch_and_get_parameters()[39m (pid=6880, ip=127.0.0.1)
           ^^^^^^^^^^^^^^^^^^^^^^^^^
  File "C:\Users\Francesco\miniconda3\envs\flower\Lib\site-packages\torch\optim\adam.py", line 73, in __init__
    super().__init__(params, defaults)
  File "C:\Users\Francesco\miniconda3\envs\flower\Lib\site-packages\torch\optim\optimizer.py", line 367, in __init__
    self.add_param_group(cast(dict, param_group))
  File "C:\Users\Francesco\miniconda3\envs\flower\Lib\site-packages\torch\_compile.py", line 31, in inner
    return disable_fn(*args, **kwargs)
           ^^^^^^^^^^^^^^^^^^^^^^^^^^^
  File "C:\Users\Francesco\miniconda3\envs\flower\Lib\site-packages\torch\_dynamo\eval_frame.py", line 600, in _fn
    return fn(*args, **kwargs)
           ^^^^^^^^^^^^^^^^^^^
  File "C:\Users\Francesco\miniconda3\envs\flower\Lib\site-packages\torch\optim\optimizer.py", line 1014, in add_param_group
    raise TypeError(
TypeError: optimizer can only optimize Tensors, but one of the params is str

The above exception was the direct cause of the following exception:

[36mray::launch_and_get_parameters()[39m (pid=6880, ip=127.0.0.1)
  File "python\ray\_raylet.pyx", line 1890, in ray._raylet.execute_task
  File "python\ray\_raylet.pyx", line 1991, in ray._raylet.execute_task
  File "python\ray\_raylet.pyx", line 1896, in ray._raylet.execute_task
  File "C:\Users\Francesco\miniconda3\envs\flower\Lib\site-packages\flwr\simulation\ray_transport\ray_client_proxy.py", line 135, in launch_and_get_parameters
    client: Client = _create_client(client_fn, cid)
                     ^^^^^^^^^^^^^^^^^^^^^^^^^^^^^^
  File "C:\Users\Francesco\miniconda3\envs\flower\Lib\site-packages\flwr\simulation\ray_transport\ray_client_proxy.py", line 168, in _create_client
    client_like: ClientLike = client_fn(cid)
                              ^^^^^^^^^^^^^^
  File "c:\Users\Francesco\Desktop\PoliMi\Magistrale\Tesi\Progetto\Tesi-Francesco\client.py", line 58, in client_fn
    return FlowerClient(
           ^^^^^^^^^^^^^
  File "C:\Users\Francesco\Desktop\PoliMi\Magistrale\Tesi\Progetto\Tesi-Francesco\client.py", line 21, in __init__
    self.optimizer = instantiate(optimizer_cfg)
                     ^^^^^^^^^^^^^^^^^^^^^^^^^^
  File "C:\Users\Francesco\miniconda3\envs\flower\Lib\site-packages\hydra\_internal\instantiate\_instantiate2.py", line 226, in instantiate
    return instantiate_node(
           ^^^^^^^^^^^^^^^^^
  File "C:\Users\Francesco\miniconda3\envs\flower\Lib\site-packages\hydra\_internal\instantiate\_instantiate2.py", line 347, in instantiate_node
    return _call_target(_target_, partial, args, kwargs, full_key)
           ^^^^^^^^^^^^^^^^^^^^^^^^^^^^^^^^^^^^^^^^^^^^^^^^^^^^^^^
  File "C:\Users\Francesco\miniconda3\envs\flower\Lib\site-packages\hydra\_internal\instantiate\_instantiate2.py", line 97, in _call_target
    raise InstantiationException(msg) from e
hydra.errors.InstantiationException: Error in call to target 'torch.optim.adam.Adam':
TypeError('optimizer can only optimize Tensors, but one of the params is str')
full_key: optimizer
