[2024-09-11 16:18:46,927][flwr][INFO] - Starting Flower simulation, config: ServerConfig(num_rounds=10, round_timeout=None)
[2024-09-11 16:19:01,801][flwr][INFO] - Flower VCE: Ray initialized with resources: {'memory': 1082882459.0, 'object_store_memory': 541441228.0, 'CPU': 8.0, 'node:__internal_head__': 1.0, 'node:127.0.0.1': 1.0}
[2024-09-11 16:19:01,803][flwr][INFO] - Initializing global parameters
[2024-09-11 16:19:01,805][flwr][INFO] - Requesting initial parameters from one random client
[2024-09-11 16:19:08,678][flwr][ERROR] - [36mray::launch_and_get_parameters()[39m (pid=4692, ip=127.0.0.1)
           ^^^^^^^^^^^^^^^^^^^^^^^^^
TypeError: BinaryNet.__init__() got an unexpected keyword argument 'num_classes'

The above exception was the direct cause of the following exception:

[36mray::launch_and_get_parameters()[39m (pid=4692, ip=127.0.0.1)
  File "python\ray\_raylet.pyx", line 1890, in ray._raylet.execute_task
  File "python\ray\_raylet.pyx", line 1991, in ray._raylet.execute_task
  File "python\ray\_raylet.pyx", line 1896, in ray._raylet.execute_task
  File "C:\Users\Francesco\miniconda3\envs\flower\Lib\site-packages\flwr\simulation\ray_transport\ray_client_proxy.py", line 135, in launch_and_get_parameters
    client: Client = _create_client(client_fn, cid)
                     ^^^^^^^^^^^^^^^^^^^^^^^^^^^^^^
  File "C:\Users\Francesco\miniconda3\envs\flower\Lib\site-packages\flwr\simulation\ray_transport\ray_client_proxy.py", line 168, in _create_client
    client_like: ClientLike = client_fn(cid)
                              ^^^^^^^^^^^^^^
  File "c:\Users\Francesco\Desktop\PoliMi\Magistrale\Tesi\Progetto\Tesi-Francesco\client.py", line 58, in client_fn
    return FlowerClient(
           ^^^^^^^^^^^^^
  File "C:\Users\Francesco\Desktop\PoliMi\Magistrale\Tesi\Progetto\Tesi-Francesco\client.py", line 20, in __init__
    self.model = instantiate(model_cfg)
                 ^^^^^^^^^^^^^^^^^^^^^^
  File "C:\Users\Francesco\miniconda3\envs\flower\Lib\site-packages\hydra\_internal\instantiate\_instantiate2.py", line 226, in instantiate
    return instantiate_node(
           ^^^^^^^^^^^^^^^^^
  File "C:\Users\Francesco\miniconda3\envs\flower\Lib\site-packages\hydra\_internal\instantiate\_instantiate2.py", line 347, in instantiate_node
    return _call_target(_target_, partial, args, kwargs, full_key)
           ^^^^^^^^^^^^^^^^^^^^^^^^^^^^^^^^^^^^^^^^^^^^^^^^^^^^^^^
  File "C:\Users\Francesco\miniconda3\envs\flower\Lib\site-packages\hydra\_internal\instantiate\_instantiate2.py", line 97, in _call_target
    raise InstantiationException(msg) from e
hydra.errors.InstantiationException: Error in call to target 'model.BinaryNet':
TypeError("BinaryNet.__init__() got an unexpected keyword argument 'num_classes'")
full_key: model
